<?xml version="1.0" encoding="UTF-8"?>
<!-- Generated by org.testng.reporters.JUnitReportReporter -->
<testsuite skipped="0" hostname="EliteLinkinSoft" name="Executions.WishlistExecutions" tests="1" failures="0" timestamp="27 Mar 2018 13:17:39 GMT" time="36.601" errors="0">
  <testcase name="indexEx" time="36.601" classname="Executions.WishlistExecutions"/>
</testsuite> <!-- Executions.WishlistExecutions -->
