<?xml version="1.0" encoding="UTF-8"?>
<!-- Generated by org.testng.reporters.JUnitReportReporter -->
<testsuite skipped="0" hostname="EliteLinkinSoft" name="Executions.LoginExecutions" tests="1" failures="0" timestamp="28 Mar 2018 14:55:54 GMT" time="30.975" errors="0">
  <testcase name="indexEx" time="30.975" classname="Executions.LoginExecutions"/>
</testsuite> <!-- Executions.LoginExecutions -->
