<?xml version="1.0" encoding="UTF-8"?>
<!-- Generated by org.testng.reporters.JUnitReportReporter -->
<testsuite skipped="0" hostname="EliteLinkinSoft" name="Executions.EditExecutions" tests="1" failures="0" timestamp="26 Mar 2018 08:35:12 GMT" time="53.336" errors="0">
  <testcase name="Signin" time="53.336" classname="Executions.EditExecutions"/>
</testsuite> <!-- Executions.EditExecutions -->
