<?xml version="1.0" encoding="UTF-8"?>
<!-- Generated by org.testng.reporters.JUnitReportReporter -->
<testsuite skipped="0" hostname="EliteLinkinSoft" name="Executions.ChangePasswordExecutions" tests="1" failures="0" timestamp="26 Mar 2018 09:04:20 GMT" time="57.561" errors="0">
  <testcase name="Signin" time="57.561" classname="Executions.ChangePasswordExecutions"/>
</testsuite> <!-- Executions.ChangePasswordExecutions -->
