<?xml version="1.0" encoding="UTF-8"?>
<!-- Generated by org.testng.reporters.JUnitReportReporter -->
<testsuite skipped="0" hostname="EliteLinkinSoft" name="Executions.WishlistExecutions" tests="1" failures="0" timestamp="09 Apr 2018 15:13:59 GMT" time="48.074" errors="0">
  <testcase name="indexEx" time="48.074" classname="Executions.WishlistExecutions"/>
</testsuite> <!-- Executions.WishlistExecutions -->
