<?xml version="1.0" encoding="UTF-8"?>
<!-- Generated by org.testng.reporters.JUnitReportReporter -->
<testsuite skipped="0" hostname="DESKTOP-5HNOB9Q" name="Executions.AddressExecutions" tests="1" failures="0" timestamp="12 Apr 2018 13:24:55 GMT" time="144.442" errors="0">
  <testcase name="addressEx" time="144.442" classname="Executions.AddressExecutions"/>
</testsuite> <!-- Executions.AddressExecutions -->
